INFO - 01/12/21 13:35:54 - 0:00:00 - command line argument: seed - 0
INFO - 01/12/21 13:35:54 - 0:00:00 - command line argument: train - ['SCAN/tasks_train_simple.txt']
INFO - 01/12/21 13:35:54 - 0:00:00 - command line argument: dev - ['SCAN/tasks_train_simple.txt']
INFO - 01/12/21 13:35:54 - 0:00:00 - command line argument: test - ['SCAN/tasks_test_simple.txt']
INFO - 01/12/21 13:35:54 - 0:00:00 - command line argument: model - 'model/scan/scan'
INFO - 01/12/21 13:35:54 - 0:00:00 - command line argument: load - ''
INFO - 01/12/21 13:35:54 - 0:00:00 - command line argument: bs - 20
INFO - 01/12/21 13:35:54 - 0:00:00 - command line argument: epochs - 50
INFO - 01/12/21 13:35:54 - 0:00:00 - command line argument: max_steps - 0
INFO - 01/12/21 13:35:54 - 0:00:00 - command line argument: warmup_steps - 4000
INFO - 01/12/21 13:35:54 - 0:00:00 - command line argument: total_eval - -1
INFO - 01/12/21 13:35:54 - 0:00:00 - command line argument: optimizer - <Optimizer.adam: 'adam'>
INFO - 01/12/21 13:35:54 - 0:00:00 - command line argument: scheduler - <Scheduler.reducewhenstuck: 'reducewhenstuck'>
INFO - 01/12/21 13:35:54 - 0:00:00 - command line argument: lr - 0.001
INFO - 01/12/21 13:35:54 - 0:00:00 - command line argument: min_lr - 1e-05
INFO - 01/12/21 13:35:54 - 0:00:00 - command line argument: momentum - 0.9
INFO - 01/12/21 13:35:54 - 0:00:00 - command line argument: beta1 - 0.9
INFO - 01/12/21 13:35:54 - 0:00:00 - command line argument: beta2 - 0.999
INFO - 01/12/21 13:35:54 - 0:00:00 - command line argument: estop - 1e-08
INFO - 01/12/21 13:35:54 - 0:00:00 - command line argument: cooldown - 0
INFO - 01/12/21 13:35:54 - 0:00:00 - command line argument: patience - 0
INFO - 01/12/21 13:35:54 - 0:00:00 - command line argument: discount_factor - 0.5
INFO - 01/12/21 13:35:54 - 0:00:00 - command line argument: max_norm - 0
INFO - 01/12/21 13:35:54 - 0:00:00 - command line argument: gpuid - [0]
INFO - 01/12/21 13:35:54 - 0:00:00 - command line argument: loglevel - 'info'
INFO - 01/12/21 13:35:54 - 0:00:00 - command line argument: saveall - False
INFO - 01/12/21 13:35:54 - 0:00:00 - command line argument: shuffle - False
INFO - 01/12/21 13:35:54 - 0:00:00 - command line argument: cleanup_anyway - True
INFO - 01/12/21 13:35:54 - 0:00:00 - command line argument: dataset - <Data.scan: 'scan'>
INFO - 01/12/21 13:35:54 - 0:00:00 - command line argument: max_seq_len - 128
INFO - 01/12/21 13:35:54 - 0:00:00 - command line argument: max_decode_len - 128
INFO - 01/12/21 13:35:54 - 0:00:00 - command line argument: decode_beam_size - 5
INFO - 01/12/21 13:35:54 - 0:00:00 - command line argument: init - ''
INFO - 01/12/21 13:35:54 - 0:00:00 - command line argument: dropout - 0.2
INFO - 01/12/21 13:35:54 - 0:00:00 - command line argument: embed_dim - 100
INFO - 01/12/21 13:35:54 - 0:00:00 - command line argument: nb_heads - 4
INFO - 01/12/21 13:35:54 - 0:00:00 - command line argument: src_layer - 1
INFO - 01/12/21 13:35:54 - 0:00:00 - command line argument: trg_layer - 1
INFO - 01/12/21 13:35:54 - 0:00:00 - command line argument: src_hs - 200
INFO - 01/12/21 13:35:54 - 0:00:00 - command line argument: trg_hs - 200
INFO - 01/12/21 13:35:54 - 0:00:00 - command line argument: label_smooth - 0.0
INFO - 01/12/21 13:35:54 - 0:00:00 - command line argument: tie_trg_embed - False
INFO - 01/12/21 13:35:54 - 0:00:00 - command line argument: arch - <Arch.soft: 'soft'>
INFO - 01/12/21 13:35:54 - 0:00:00 - command line argument: nb_sample - 2
INFO - 01/12/21 13:35:54 - 0:00:00 - command line argument: wid_siz - 11
INFO - 01/12/21 13:35:54 - 0:00:00 - command line argument: indtag - False
INFO - 01/12/21 13:35:54 - 0:00:00 - command line argument: decode - <Decode.greedy: 'greedy'>
INFO - 01/12/21 13:35:54 - 0:00:00 - command line argument: mono - False
INFO - 01/12/21 13:35:54 - 0:00:00 - command line argument: bestacc - False
INFO - 01/12/21 13:35:54 - 0:00:00 - src vocab size 17
INFO - 01/12/21 13:35:54 - 0:00:00 - trg vocab size 10
INFO - 01/12/21 13:35:54 - 0:00:00 - src vocab ['<PAD>', '<BOS>', '<EOS>', '<UNK>', 'after', 'and', 'around', 'jump', 'left', 'look', 'opposite', 'right', 'run', 'thrice', 'turn', 'twice', 'walk']
INFO - 01/12/21 13:35:54 - 0:00:00 - trg vocab ['<PAD>', '<BOS>', '<EOS>', '<UNK>', 'I_JUMP', 'I_LOOK', 'I_RUN', 'I_TURN_LEFT', 'I_TURN_RIGHT', 'I_WALK']
INFO - 01/12/21 13:35:54 - 0:00:00 - model: Transducer(
                                       (src_embed): Embedding(17, 100, padding_idx=0)
                                       (trg_embed): Embedding(10, 100, padding_idx=0)
                                       (enc_rnn): LSTM(100, 200, dropout=0.2, bidirectional=True)
                                       (dec_rnn): StackedLSTM(
                                         (layers): ModuleList(
                                           (0): LSTMCell(100, 200)
                                         )
                                         (dropout): Dropout(p=0.2, inplace=False)
                                       )
                                       (scale_enc_hs): Linear(in_features=400, out_features=200, bias=True)
                                       (attn): Attention()
                                       (linear_out): Linear(in_features=600, out_features=600, bias=True)
                                       (final_out): Linear(in_features=600, out_features=10, bias=True)
                                       (dropout): Dropout(p=0.2, inplace=False)
                                     )
INFO - 01/12/21 13:35:54 - 0:00:00 - number of parameter 1174310
INFO - 01/12/21 13:35:54 - 0:00:00 - maximum training 41850 steps (50 epochs)
INFO - 01/12/21 13:35:54 - 0:00:00 - evaluate every 1 epochs
INFO - 01/12/21 13:35:54 - 0:00:00 - At 0-th epoch with lr 0.001000.
INFO - 01/12/21 13:38:26 - 0:02:32 - Running average train loss is 0.3008655659062176 at epoch 0
INFO - 01/12/21 13:38:26 - 0:02:32 - At 1-th epoch with lr 0.001000.
INFO - 01/12/21 13:41:12 - 0:05:19 - Running average train loss is 0.11732636306661859 at epoch 1
INFO - 01/12/21 13:41:57 - 0:06:03 - Average dev loss is 0.07529923615569924 at epoch 1
INFO - 01/12/21 15:22:13 - 0:00:00 - command line argument: seed - 0
INFO - 01/12/21 15:22:13 - 0:00:00 - command line argument: train - ['SCAN/tasks_train_simple.txt']
INFO - 01/12/21 15:22:13 - 0:00:00 - command line argument: dev - ['SCAN/tasks_train_simple.txt']
INFO - 01/12/21 15:22:13 - 0:00:00 - command line argument: test - ['SCAN/tasks_test_simple.txt']
INFO - 01/12/21 15:22:13 - 0:00:00 - command line argument: model - 'model/scan/scan'
INFO - 01/12/21 15:22:13 - 0:00:00 - command line argument: load - ''
INFO - 01/12/21 15:22:13 - 0:00:00 - command line argument: bs - 20
INFO - 01/12/21 15:22:13 - 0:00:00 - command line argument: epochs - 50
INFO - 01/12/21 15:22:13 - 0:00:00 - command line argument: max_steps - 0
INFO - 01/12/21 15:22:13 - 0:00:00 - command line argument: warmup_steps - 4000
INFO - 01/12/21 15:22:13 - 0:00:00 - command line argument: total_eval - -1
INFO - 01/12/21 15:22:13 - 0:00:00 - command line argument: optimizer - <Optimizer.adam: 'adam'>
INFO - 01/12/21 15:22:13 - 0:00:00 - command line argument: scheduler - <Scheduler.reducewhenstuck: 'reducewhenstuck'>
INFO - 01/12/21 15:22:13 - 0:00:00 - command line argument: lr - 0.001
INFO - 01/12/21 15:22:13 - 0:00:00 - command line argument: min_lr - 1e-05
INFO - 01/12/21 15:22:13 - 0:00:00 - command line argument: momentum - 0.9
INFO - 01/12/21 15:22:13 - 0:00:00 - command line argument: beta1 - 0.9
INFO - 01/12/21 15:22:13 - 0:00:00 - command line argument: beta2 - 0.999
INFO - 01/12/21 15:22:13 - 0:00:00 - command line argument: estop - 1e-08
INFO - 01/12/21 15:22:13 - 0:00:00 - command line argument: cooldown - 0
INFO - 01/12/21 15:22:13 - 0:00:00 - command line argument: patience - 0
INFO - 01/12/21 15:22:13 - 0:00:00 - command line argument: discount_factor - 0.5
INFO - 01/12/21 15:22:13 - 0:00:00 - command line argument: max_norm - 0
INFO - 01/12/21 15:22:13 - 0:00:00 - command line argument: gpuid - [0]
INFO - 01/12/21 15:22:13 - 0:00:00 - command line argument: loglevel - 'info'
INFO - 01/12/21 15:22:13 - 0:00:00 - command line argument: saveall - False
INFO - 01/12/21 15:22:13 - 0:00:00 - command line argument: shuffle - False
INFO - 01/12/21 15:22:13 - 0:00:00 - command line argument: cleanup_anyway - True
INFO - 01/12/21 15:22:13 - 0:00:00 - command line argument: dataset - <Data.scan: 'scan'>
INFO - 01/12/21 15:22:13 - 0:00:00 - command line argument: max_seq_len - 128
INFO - 01/12/21 15:22:13 - 0:00:00 - command line argument: max_decode_len - 128
INFO - 01/12/21 15:22:13 - 0:00:00 - command line argument: decode_beam_size - 5
INFO - 01/12/21 15:22:13 - 0:00:00 - command line argument: init - ''
INFO - 01/12/21 15:22:13 - 0:00:00 - command line argument: dropout - 0.2
INFO - 01/12/21 15:22:13 - 0:00:00 - command line argument: embed_dim - 100
INFO - 01/12/21 15:22:13 - 0:00:00 - command line argument: nb_heads - 4
INFO - 01/12/21 15:22:13 - 0:00:00 - command line argument: src_layer - 1
INFO - 01/12/21 15:22:13 - 0:00:00 - command line argument: trg_layer - 1
INFO - 01/12/21 15:22:13 - 0:00:00 - command line argument: src_hs - 200
INFO - 01/12/21 15:22:13 - 0:00:00 - command line argument: trg_hs - 200
INFO - 01/12/21 15:22:13 - 0:00:00 - command line argument: label_smooth - 0.0
INFO - 01/12/21 15:22:13 - 0:00:00 - command line argument: tie_trg_embed - False
INFO - 01/12/21 15:22:13 - 0:00:00 - command line argument: arch - <Arch.soft: 'soft'>
INFO - 01/12/21 15:22:13 - 0:00:00 - command line argument: nb_sample - 2
INFO - 01/12/21 15:22:13 - 0:00:00 - command line argument: wid_siz - 11
INFO - 01/12/21 15:22:13 - 0:00:00 - command line argument: indtag - False
INFO - 01/12/21 15:22:13 - 0:00:00 - command line argument: decode - <Decode.greedy: 'greedy'>
INFO - 01/12/21 15:22:13 - 0:00:00 - command line argument: mono - False
INFO - 01/12/21 15:22:13 - 0:00:00 - command line argument: bestacc - False
INFO - 01/12/21 15:22:13 - 0:00:00 - src vocab size 17
INFO - 01/12/21 15:22:13 - 0:00:00 - trg vocab size 10
INFO - 01/12/21 15:22:13 - 0:00:00 - src vocab ['<PAD>', '<BOS>', '<EOS>', '<UNK>', 'after', 'and', 'around', 'jump', 'left', 'look', 'opposite', 'right', 'run', 'thrice', 'turn', 'twice', 'walk']
INFO - 01/12/21 15:22:13 - 0:00:00 - trg vocab ['<PAD>', '<BOS>', '<EOS>', '<UNK>', 'I_JUMP', 'I_LOOK', 'I_RUN', 'I_TURN_LEFT', 'I_TURN_RIGHT', 'I_WALK']
INFO - 01/12/21 15:22:13 - 0:00:00 - model: Transducer(
                                       (src_embed): Embedding(17, 100, padding_idx=0)
                                       (trg_embed): Embedding(10, 100, padding_idx=0)
                                       (enc_rnn): LSTM(100, 200, dropout=0.2, bidirectional=True)
                                       (dec_rnn): StackedLSTM(
                                         (layers): ModuleList(
                                           (0): LSTMCell(100, 200)
                                         )
                                         (dropout): Dropout(p=0.2, inplace=False)
                                       )
                                       (scale_enc_hs): Linear(in_features=400, out_features=200, bias=True)
                                       (attn): Attention()
                                       (linear_out): Linear(in_features=600, out_features=600, bias=True)
                                       (final_out): Linear(in_features=600, out_features=10, bias=True)
                                       (dropout): Dropout(p=0.2, inplace=False)
                                     )
INFO - 01/12/21 15:22:13 - 0:00:00 - number of parameter 1174310
INFO - 01/12/21 15:22:13 - 0:00:00 - maximum training 41850 steps (50 epochs)
INFO - 01/12/21 15:22:13 - 0:00:00 - evaluate every 1 epochs
INFO - 01/12/21 15:22:13 - 0:00:00 - At 0-th epoch with lr 0.001000.
INFO - 01/12/21 15:25:03 - 0:02:50 - Running average train loss is 0.3008655659062176 at epoch 0
INFO - 01/12/21 15:25:03 - 0:02:50 - At 1-th epoch with lr 0.001000.
INFO - 01/12/21 15:27:38 - 0:05:25 - Running average train loss is 0.11732636306661859 at epoch 1
INFO - 01/12/21 15:28:19 - 0:06:06 - Average dev loss is 0.07529923615569924 at epoch 1
